GROUP,PACKAGE,CLASS,INSTRUCTION_MISSED,INSTRUCTION_COVERED,BRANCH_MISSED,BRANCH_COVERED,LINE_MISSED,LINE_COVERED,COMPLEXITY_MISSED,COMPLEXITY_COVERED,METHOD_MISSED,METHOD_COVERED
atm-layer-workflow-engine,it.pagopa.wf.engine.controller,CamundaController,0,8,0,0,0,2,0,2,0,2
atm-layer-workflow-engine,it.pagopa.wf.engine.config,OpenTelemetryConfig,0,8,0,0,0,4,0,2,0,2
atm-layer-workflow-engine,it.pagopa.wf.engine.config,SecurityFilter,0,31,0,0,0,8,0,2,0,2
atm-layer-workflow-engine,it.pagopa.wf.engine.service,CamundaService,8,116,3,9,1,32,3,6,0,3
