GROUP,PACKAGE,CLASS,INSTRUCTION_MISSED,INSTRUCTION_COVERED,BRANCH_MISSED,BRANCH_COVERED,LINE_MISSED,LINE_COVERED,COMPLEXITY_MISSED,COMPLEXITY_COVERED,METHOD_MISSED,METHOD_COVERED
atm-layer-workflow-engine,it.pagopa.wf.engine.controller,CamundaController,0,8,0,0,0,2,0,2,0,2
atm-layer-workflow-engine,it.pagopa.wf.engine.config,OpenTelemetryConfig,0,8,0,0,0,4,0,2,0,2
atm-layer-workflow-engine,it.pagopa.wf.engine.config,SecurityFilter,0,31,0,0,0,8,0,2,0,2
atm-layer-workflow-engine,it.pagopa.wf.engine.service,CamundaService,47,77,4,8,14,19,4,5,0,3
atm-layer-workflow-engine,it.pagopa.wf.engine.delegate,TracerDelegateStart,18,31,1,1,4,10,1,2,0,2
